<?xml version="1.0" encoding="UTF-8"?>
<!-- Generated by org.testng.reporters.JUnitReportReporter -->
<testsuite hostname="DME-PC" name="test.java.TestHboSignIn" tests="2" failures="0" timestamp="20 May 2015 14:54:45 GMT" time="15.970" errors="0">
  <testcase name="testSignOutSuccess" time="3.023" classname="test.java.TestHboSignIn"/>
  <testcase name="testSignInSuccess" time="12.947" classname="test.java.TestHboSignIn"/>
</testsuite> <!-- test.java.TestHboSignIn -->
