<?xml version="1.0" encoding="UTF-8"?>
<!-- Generated by org.testng.reporters.JUnitReportReporter -->
<testsuite hostname="igeorge.local" name="test.java.TestTest" tests="1" failures="0" timestamp="18 Jan 2015 23:21:40 GMT" time="17.231" errors="0">
  <testcase name="testHbogoWebdriverTest1" time="17.231" classname="test.java.TestTest"/>
</testsuite> <!-- test.java.TestTest -->
