<?xml version="1.0" encoding="UTF-8"?>
<!-- Generated by org.testng.reporters.JUnitReportReporter -->
<testsuite hostname="igeorge.local" name="test.java.elementScreenshot" tests="1" failures="0" timestamp="21 Jan 2015 02:56:52 GMT" time="3.540" errors="0">
  <testcase name="captureScreenshot" time="3.540" classname="test.java.elementScreenshot"/>
</testsuite> <!-- test.java.elementScreenshot -->
