<?xml version="1.0" encoding="UTF-8"?>
<!-- Generated by org.testng.reporters.JUnitReportReporter -->
<testsuite hostname="igeorge.local" name="test.java.TestTest" tests="1" failures="0" timestamp="21 Jan 2015 23:18:12 GMT" time="27.141" errors="0">
  <testcase name="testHbogoWebdriverTest1" time="27.141" classname="test.java.TestTest"/>
</testsuite> <!-- test.java.TestTest -->
